<?xml version="1.0" encoding="UTF-8"?>
<!-- Generated by org.testng.reporters.JUnitXMLReporter -->
<testsuite ignored="0" hostname="kanakadurga" failures="0" tests="3" name="Chrome Test" time="38.285" errors="0" timestamp="2025-10-16T11:29:39 CDT">
  <testcase classname="com.lambda.JavaSelenium" name="testSimpleForm" time="1.972"/>
  <testcase classname="com.lambda.JavaSelenium" name="testSliders" time="19.322"/>
  <testcase classname="com.lambda.JavaSelenium" name="submitForm" time="5.705"/>
</testsuite> <!-- Chrome Test -->
