<?xml version="1.0" encoding="UTF-8"?>
<!-- Generated by org.testng.reporters.JUnitXMLReporter -->
<testsuite ignored="0" hostname="kanakadurga" failures="0" tests="3" name="Firefox Test" time="67.579" errors="0" timestamp="2025-10-16T11:30:46 CDT">
  <testcase classname="com.lambda.JavaSelenium" name="testSimpleForm" time="4.698"/>
  <testcase classname="com.lambda.JavaSelenium" name="testSliders" time="25.625"/>
  <testcase classname="com.lambda.JavaSelenium" name="submitForm" time="8.168"/>
</testsuite> <!-- Firefox Test -->
