<?xml version="1.0" encoding="UTF-8"?>
<!-- Generated by org.testng.reporters.JUnitXMLReporter -->
<testsuite ignored="0" hostname="kanakadurga" failures="0" tests="3" name="Microsoft Edge Test" time="39.778" errors="0" timestamp="2025-10-16T11:31:26 CDT">
  <testcase classname="com.lambda.JavaSelenium" name="testSimpleForm" time="1.73"/>
  <testcase classname="com.lambda.JavaSelenium" name="testSliders" time="21.111"/>
  <testcase classname="com.lambda.JavaSelenium" name="submitForm" time="5.968"/>
</testsuite> <!-- Microsoft Edge Test -->
