<?xml version="1.0" encoding="UTF-8"?>
<testng-results ignored="0" total="1" passed="1" failed="0" skipped="0">
  <reporter-output>
  </reporter-output>
  <suite started-at="2025-10-09T15:45:08 CDT" name="Default suite" finished-at="2025-10-09T15:45:14 CDT" duration-ms="6589">
    <groups>
    </groups>
    <test started-at="2025-10-09T15:45:08 CDT" name="Default test" finished-at="2025-10-09T15:45:14 CDT" duration-ms="6589">
      <class name="SimpleFormDemo">
        <test-method is-config="true" signature="setUp()[pri:0, instance:SimpleFormDemo@6b81ce95]" started-at="2025-10-09T15:45:08 CDT" name="setUp" finished-at="2025-10-09T15:45:10 CDT" duration-ms="1929" status="PASS">
          <reporter-output>
          </reporter-output>
        </test-method> <!-- setUp -->
        <test-method is-config="true" signature="launchPage()[pri:0, instance:SimpleFormDemo@6b81ce95]" started-at="2025-10-09T15:45:10 CDT" name="launchPage" finished-at="2025-10-09T15:45:12 CDT" duration-ms="1678" status="PASS">
          <reporter-output>
          </reporter-output>
        </test-method> <!-- launchPage -->
        <test-method signature="testSliders()[pri:0, instance:SimpleFormDemo@6b81ce95]" started-at="2025-10-09T15:45:12 CDT" name="testSliders" finished-at="2025-10-09T15:45:14 CDT" duration-ms="2237" status="PASS">
          <reporter-output>
          </reporter-output>
        </test-method> <!-- testSliders -->
        <test-method is-config="true" signature="teardown()[pri:0, instance:SimpleFormDemo@6b81ce95]" started-at="2025-10-09T15:45:14 CDT" name="teardown" finished-at="2025-10-09T15:45:14 CDT" duration-ms="716" status="PASS">
          <reporter-output>
          </reporter-output>
        </test-method> <!-- teardown -->
      </class> <!-- SimpleFormDemo -->
    </test> <!-- Default test -->
  </suite> <!-- Default suite -->
</testng-results>
