<?xml version="1.0" encoding="UTF-8"?>
<!-- Generated by org.testng.reporters.JUnitXMLReporter -->
<testsuite ignored="0" hostname="kanakadurga" failures="0" tests="3" name="Default test" time="0.804" errors="0" timestamp="2025-10-11T14:34:01 CDT">
  <testcase classname="ChromeJavaSelenium" name="@BeforeClass setUp" time="0.681">
    <failure type="org.openqa.selenium.SessionNotCreatedException" message="Could not start a new session. Possible causes are invalid address of the remote server or browser start-up failure. 
Host info: host: &amp;apos;KANAKADURGA&amp;apos;, ip: &amp;apos;192.168.1.172&amp;apos;
Build info: version: &amp;apos;4.36.0&amp;apos;, revision: &amp;apos;6d115cfd87&amp;apos;
System info: os.name: &amp;apos;Windows 11&amp;apos;, os.arch: &amp;apos;amd64&amp;apos;, os.version: &amp;apos;10.0&amp;apos;, java.version: &amp;apos;22.0.2&amp;apos;
Driver info: org.openqa.selenium.remote.RemoteWebDriver
Command: [null, newSession {capabilities=[Capabilities {browserName: Chrome, build: selenium With Java, name: ChromeJavaSelenium, network: true, platformName: Windows 10, plugin: java-java, tags: [Feature, Falcon, Severe], tunnel: true, version: dev, video: true, visual: true}]}]
Capabilities {browserName: Chrome, build: selenium With Java, name: ChromeJavaSelenium, network: true, platformName: Windows 10, plugin: java-java, tags: [Feature, Falcon, Severe], tunnel: true, version: dev, video: true, visual: true}">
      <![CDATA[org.openqa.selenium.SessionNotCreatedException: Could not start a new session. Possible causes are invalid address of the remote server or browser start-up failure. 
Host info: host: 'KANAKADURGA', ip: '192.168.1.172'
Build info: version: '4.36.0', revision: '6d115cfd87'
System info: os.name: 'Windows 11', os.arch: 'amd64', os.version: '10.0', java.version: '22.0.2'
Driver info: org.openqa.selenium.remote.RemoteWebDriver
Command: [null, newSession {capabilities=[Capabilities {browserName: Chrome, build: selenium With Java, name: ChromeJavaSelenium, network: true, platformName: Windows 10, plugin: java-java, tags: [Feature, Falcon, Severe], tunnel: true, version: dev, video: true, visual: true}]}]
Capabilities {browserName: Chrome, build: selenium With Java, name: ChromeJavaSelenium, network: true, platformName: Windows 10, plugin: java-java, tags: [Feature, Falcon, Severe], tunnel: true, version: dev, video: true, visual: true}
at org.openqa.selenium.remote.RemoteWebDriver.execute(RemoteWebDriver.java:575)
at org.openqa.selenium.remote.RemoteWebDriver.startSession(RemoteWebDriver.java:246)
at org.openqa.selenium.remote.RemoteWebDriver.<init>(RemoteWebDriver.java:174)
at org.openqa.selenium.remote.RemoteWebDriver.<init>(RemoteWebDriver.java:152)
at ChromeJavaSelenium.setUp(ChromeJavaSelenium.java:86)
at java.base/jdk.internal.reflect.DirectMethodHandleAccessor.invoke(DirectMethodHandleAccessor.java:103)
at java.base/java.lang.reflect.Method.invoke(Method.java:580)
at org.testng.internal.MethodInvocationHelper.invokeMethod(MethodInvocationHelper.java:133)
at org.testng.internal.MethodInvocationHelper.invokeMethodConsideringTimeout(MethodInvocationHelper.java:62)
at org.testng.internal.ConfigInvoker.invokeConfigurationMethod(ConfigInvoker.java:385)
at org.testng.internal.ConfigInvoker.invokeConfigurations(ConfigInvoker.java:321)
at org.testng.internal.TestMethodWorker.invokeBeforeClassMethods(TestMethodWorker.java:176)
at org.testng.internal.TestMethodWorker.run(TestMethodWorker.java:122)
at java.base/java.util.ArrayList.forEach(ArrayList.java:1597)
at org.testng.TestRunner.privateRun(TestRunner.java:794)
at org.testng.TestRunner.run(TestRunner.java:596)
at org.testng.SuiteRunner.runTest(SuiteRunner.java:377)
at org.testng.SuiteRunner.runSequentially(SuiteRunner.java:371)
at org.testng.SuiteRunner.privateRun(SuiteRunner.java:332)
at org.testng.SuiteRunner.run(SuiteRunner.java:276)
at org.testng.SuiteRunnerWorker.runSuite(SuiteRunnerWorker.java:53)
at org.testng.SuiteRunnerWorker.run(SuiteRunnerWorker.java:96)
at org.testng.TestNG.runSuitesSequentially(TestNG.java:1212)
at org.testng.TestNG.runSuitesLocally(TestNG.java:1134)
at org.testng.TestNG.runSuites(TestNG.java:1063)
at org.testng.TestNG.run(TestNG.java:1031)
at org.testng.remote.AbstractRemoteTestNG.run(AbstractRemoteTestNG.java:115)
at org.testng.remote.RemoteTestNG.initAndRun(RemoteTestNG.java:293)
at org.testng.remote.RemoteTestNG.main(RemoteTestNG.java:91)
Caused by: java.lang.IllegalArgumentException: Illegal key values seen in w3c capabilities: [build, name, network, plugin, tags, tunnel, version, video, visual]
at org.openqa.selenium.remote.NewSessionPayload.lambda$validate$5(NewSessionPayload.java:163)
at java.base/java.util.stream.ReferencePipeline$15$1.accept(ReferencePipeline.java:555)
at java.base/java.util.stream.ReferencePipeline$15$1.accept(ReferencePipeline.java:556)
at java.base/java.util.stream.ReferencePipeline$3$1.accept(ReferencePipeline.java:212)
at java.base/java.util.stream.ReferencePipeline$15$1.accept(ReferencePipeline.java:556)
at java.base/java.util.ArrayList$ArrayListSpliterator.forEachRemaining(ArrayList.java:1709)
at java.base/java.util.stream.AbstractPipeline.copyInto(AbstractPipeline.java:556)
at java.base/java.util.stream.AbstractPipeline.wrapAndCopyInto(AbstractPipeline.java:546)
at java.base/java.util.stream.ForEachOps$ForEachOp.evaluateSequential(ForEachOps.java:151)
at java.base/java.util.stream.ForEachOps$ForEachOp$OfRef.evaluateSequential(ForEachOps.java:174)
at java.base/java.util.stream.AbstractPipeline.evaluate(AbstractPipeline.java:265)
at java.base/java.util.stream.ReferencePipeline.forEach(ReferencePipeline.java:611)
at org.openqa.selenium.remote.NewSessionPayload.validate(NewSessionPayload.java:167)
at org.openqa.selenium.remote.NewSessionPayload.<init>(NewSessionPayload.java:70)
at org.openqa.selenium.remote.NewSessionPayload.create(NewSessionPayload.java:99)
at org.openqa.selenium.remote.NewSessionPayload.create(NewSessionPayload.java:84)
at org.openqa.selenium.remote.ProtocolHandshake.createSession(ProtocolHandshake.java:60)
at org.openqa.selenium.remote.HttpCommandExecutor.execute(HttpCommandExecutor.java:187)
at org.openqa.selenium.remote.TracedCommandExecutor.execute(TracedCommandExecutor.java:53)
at org.openqa.selenium.remote.RemoteWebDriver.execute(RemoteWebDriver.java:557)
... 28 more
]]>
    </failure>
  </testcase> <!-- @BeforeClass setUp -->
  <testcase classname="ChromeJavaSelenium" name="@BeforeMethod launchPage" time="-1.760211241122E9">
    <skipped/>
  </testcase> <!-- @BeforeMethod launchPage -->
  <testcase classname="ChromeJavaSelenium" name="@AfterMethod teardown" time="-1.760211241142E9">
    <skipped/>
  </testcase> <!-- @AfterMethod teardown -->
  <testcase classname="ChromeJavaSelenium" name="@BeforeMethod launchPage" time="-1.760211241145E9">
    <skipped/>
  </testcase> <!-- @BeforeMethod launchPage -->
  <testcase classname="ChromeJavaSelenium" name="@AfterMethod teardown" time="-1.760211241155E9">
    <skipped/>
  </testcase> <!-- @AfterMethod teardown -->
  <testcase classname="ChromeJavaSelenium" name="@BeforeMethod launchPage" time="-1.760211241159E9">
    <skipped/>
  </testcase> <!-- @BeforeMethod launchPage -->
  <testcase classname="ChromeJavaSelenium" name="@AfterMethod teardown" time="-1.760211241173E9">
    <skipped/>
  </testcase> <!-- @AfterMethod teardown -->
  <testcase classname="ChromeJavaSelenium" name="submitForm" time="0.0">
    <skipped/>
  </testcase> <!-- submitForm -->
  <testcase classname="ChromeJavaSelenium" name="testSimpleForm" time="0.0">
    <skipped/>
  </testcase> <!-- testSimpleForm -->
  <testcase classname="ChromeJavaSelenium" name="testSliders" time="0.0">
    <skipped/>
  </testcase> <!-- testSliders -->
</testsuite> <!-- Default test -->
